Salha/app/build/intermediates/manifest_merge_blame_file/debug/manifest-merger-blame-debug-report.txt
1<?xml version="1.0" encoding="utf-8"?>
2<manifest xmlns:android="http://schemas.android.com/apk/res/android"
3    package="com.example.sawe.salha"
4    android:versionCode="1"
5    android:versionName="1.0" >
6
7    <uses-sdk
8        android:minSdkVersion="15"
8-->src\main\AndroidManifest.xml
9        android:targetSdkVersion="29" />
9-->src\main\AndroidManifest.xml
10
11    <uses-permission android:name="android.permission.RECEIVE_SMS" />
11-->src\main\AndroidManifest.xml:5:5-70
11-->src\main\AndroidManifest.xml:5:22-67
12    <uses-permission android:name="android.permission.SEND_SMS" />
12-->src\main\AndroidManifest.xml:6:5-67
12-->src\main\AndroidManifest.xml:6:22-64
13
14    <application
14-->src\main\AndroidManifest.xml:8:5-45:19
15        android:allowBackup="true"
15-->src\main\AndroidManifest.xml:9:9-35
16        android:appComponentFactory="androidx.core.app.CoreComponentFactory"
16-->[androidx.core:core:1.0.0] AndroidManifest.xml:22:18-86
17        android:debuggable="true"
18        android:icon="@drawable/yello_i"
18-->src\main\AndroidManifest.xml:10:9-41
19        android:label="@string/app_name"
19-->src\main\AndroidManifest.xml:11:9-41
20        android:theme="@style/AppTheme" >
20-->src\main\AndroidManifest.xml:12:9-40
21        <receiver
21-->src\main\AndroidManifest.xml:13:9-22:20
22            android:name="com.example.sawe.salha.SMSReceiver"
22-->src\main\AndroidManifest.xml:14:13-40
23            android:enabled="true"
23-->src\main\AndroidManifest.xml:15:13-35
24            android:exported="true" >
24-->src\main\AndroidManifest.xml:16:13-36
25            <intent-filter android:priority="0" >
25-->src\main\AndroidManifest.xml:17:13-20:29
25-->src\main\AndroidManifest.xml:17:28-48
26                <action android:name="android.provider.Telephony.SMS_RECEIVED" />
26-->src\main\AndroidManifest.xml:19:17-82
26-->src\main\AndroidManifest.xml:19:25-79
27            </intent-filter>
28        </receiver>
29
30        <!--
31        activity
32            android:name=".InboxActivity"
33            android:label="@string/app_name">
34            <intent-filter>
35                <action android:name="com.example.sawe.InboxActivity" />
36
37                <category android:name="android.intent.category.DEFAULT" />
38            </intent-filter>
39        </activity
40        -->
41        <activity
41-->src\main\AndroidManifest.xml:33:9-41:20
42            android:name="com.example.sawe.salha.MainActivity"
42-->src\main\AndroidManifest.xml:34:13-41
43            android:label="@string/app_name" >
43-->src\main\AndroidManifest.xml:35:13-45
44            <intent-filter>
44-->src\main\AndroidManifest.xml:36:13-40:29
45                <action android:name="android.intent.action.MAIN" />
45-->src\main\AndroidManifest.xml:37:17-69
45-->src\main\AndroidManifest.xml:37:25-66
46
47                <category android:name="android.intent.category.LAUNCHER" />
47-->src\main\AndroidManifest.xml:39:17-77
47-->src\main\AndroidManifest.xml:39:27-74
48            </intent-filter>
49        </activity>
50    </application>
51
52</manifest>